生成启动时间为 2014/7/12 23:12:58。
     1>项目“C:\Users\tuouren\Desktop\robotexp\MFC_DEMO\MFC_DEMO\MFC_DEMO.vcxproj”在节点 2 上(build 个目标)。
     1>InitializeBuildStatus:
         正在创建“Debug\MFC_DEMO.unsuccessfulbuild”，因为已指定“AlwaysCreate”。
       ClCompile:
         所有输出均为最新。
         所有输出均为最新。
       ResourceCompile:
         所有输出均为最新。
       ManifestResourceCompile:
         所有输出均为最新。
       Link:
         所有输出均为最新。
       Manifest:
         所有输出均为最新。
         所有输出均为最新。
       FinalizeBuildStatus:
         正在删除文件“Debug\MFC_DEMO.unsuccessfulbuild”。
         正在对“Debug\MFC_DEMO.lastbuildstate”执行 Touch 任务。
     1>已完成生成项目“C:\Users\tuouren\Desktop\robotexp\MFC_DEMO\MFC_DEMO\MFC_DEMO.vcxproj”(build 个目标)的操作。

生成成功。

已用时间 00:00:00.56
