C:\USERS\SKYWALKER\DOCUMENTS\VISUAL STUDIO 2010\PROJECTS\MFC_DEMO\DEBUG\MFC_DEMO.EXE
C:\USERS\SKYWALKER\DOCUMENTS\VISUAL STUDIO 2010\PROJECTS\MFC_DEMO\DEBUG\MFC_DEMO.ILK
C:\USERS\SKYWALKER\DOCUMENTS\VISUAL STUDIO 2010\PROJECTS\MFC_DEMO\DEBUG\MFC_DEMO.PDB
C:\USERS\SKYWALKER\DOCUMENTS\VISUAL STUDIO 2010\PROJECTS\MFC_DEMO\MFC_DEMO\DEBUG\BWLABEL.OBJ
C:\Users\skywalker\Documents\Visual Studio 2010\Projects\MFC_DEMO\MFC_DEMO\Debug\cl.command.1.tlog
C:\Users\skywalker\Documents\Visual Studio 2010\Projects\MFC_DEMO\MFC_DEMO\Debug\CL.read.1.tlog
C:\Users\skywalker\Documents\Visual Studio 2010\Projects\MFC_DEMO\MFC_DEMO\Debug\CL.write.1.tlog
C:\USERS\SKYWALKER\DOCUMENTS\VISUAL STUDIO 2010\PROJECTS\MFC_DEMO\MFC_DEMO\DEBUG\CVVIMAGE.OBJ
C:\USERS\SKYWALKER\DOCUMENTS\VISUAL STUDIO 2010\PROJECTS\MFC_DEMO\MFC_DEMO\DEBUG\DRIVE.OBJ
C:\Users\skywalker\Documents\Visual Studio 2010\Projects\MFC_DEMO\MFC_DEMO\Debug\link.7776.read.1.tlog
C:\Users\skywalker\Documents\Visual Studio 2010\Projects\MFC_DEMO\MFC_DEMO\Debug\link.7776.write.1.tlog
C:\Users\skywalker\Documents\Visual Studio 2010\Projects\MFC_DEMO\MFC_DEMO\Debug\link.7776-cvtres.read.1.tlog
C:\Users\skywalker\Documents\Visual Studio 2010\Projects\MFC_DEMO\MFC_DEMO\Debug\link.7776-cvtres.write.1.tlog
C:\Users\skywalker\Documents\Visual Studio 2010\Projects\MFC_DEMO\MFC_DEMO\Debug\link.command.1.tlog
C:\Users\skywalker\Documents\Visual Studio 2010\Projects\MFC_DEMO\MFC_DEMO\Debug\link.read.1.tlog
C:\Users\skywalker\Documents\Visual Studio 2010\Projects\MFC_DEMO\MFC_DEMO\Debug\link.write.1.tlog
C:\Users\skywalker\Documents\Visual Studio 2010\Projects\MFC_DEMO\MFC_DEMO\Debug\link-cvtres.read.1.tlog
C:\Users\skywalker\Documents\Visual Studio 2010\Projects\MFC_DEMO\MFC_DEMO\Debug\link-cvtres.write.1.tlog
C:\USERS\SKYWALKER\DOCUMENTS\VISUAL STUDIO 2010\PROJECTS\MFC_DEMO\MFC_DEMO\DEBUG\MFC_DEMO.EXE.EMBED.MANIFEST
C:\USERS\SKYWALKER\DOCUMENTS\VISUAL STUDIO 2010\PROJECTS\MFC_DEMO\MFC_DEMO\DEBUG\MFC_DEMO.EXE.EMBED.MANIFEST.RES
C:\USERS\SKYWALKER\DOCUMENTS\VISUAL STUDIO 2010\PROJECTS\MFC_DEMO\MFC_DEMO\DEBUG\MFC_DEMO.EXE.INTERMEDIATE.MANIFEST
C:\USERS\SKYWALKER\DOCUMENTS\VISUAL STUDIO 2010\PROJECTS\MFC_DEMO\MFC_DEMO\DEBUG\MFC_DEMO.OBJ
C:\USERS\SKYWALKER\DOCUMENTS\VISUAL STUDIO 2010\PROJECTS\MFC_DEMO\MFC_DEMO\DEBUG\MFC_DEMO.PCH
C:\USERS\SKYWALKER\DOCUMENTS\VISUAL STUDIO 2010\PROJECTS\MFC_DEMO\MFC_DEMO\DEBUG\MFC_DEMO.RES
C:\Users\skywalker\Documents\Visual Studio 2010\Projects\MFC_DEMO\MFC_DEMO\Debug\MFC_DEMO.vcxprojResolveAssemblyReference.cache
C:\Users\skywalker\Documents\Visual Studio 2010\Projects\MFC_DEMO\MFC_DEMO\Debug\MFC_DEMO.write.1.tlog
C:\Users\skywalker\Documents\Visual Studio 2010\Projects\MFC_DEMO\MFC_DEMO\Debug\MFC_DEMO_manifest.rc
C:\USERS\SKYWALKER\DOCUMENTS\VISUAL STUDIO 2010\PROJECTS\MFC_DEMO\MFC_DEMO\DEBUG\MFC_DEMODLG.OBJ
C:\USERS\SKYWALKER\DOCUMENTS\VISUAL STUDIO 2010\PROJECTS\MFC_DEMO\MFC_DEMO\DEBUG\MSCOMM.OBJ
C:\Users\skywalker\Documents\Visual Studio 2010\Projects\MFC_DEMO\MFC_DEMO\Debug\mt.command.1.tlog
C:\Users\skywalker\Documents\Visual Studio 2010\Projects\MFC_DEMO\MFC_DEMO\Debug\mt.read.1.tlog
C:\Users\skywalker\Documents\Visual Studio 2010\Projects\MFC_DEMO\MFC_DEMO\Debug\mt.write.1.tlog
C:\USERS\SKYWALKER\DOCUMENTS\VISUAL STUDIO 2010\PROJECTS\MFC_DEMO\MFC_DEMO\DEBUG\OUTLINE.OBJ
C:\Users\skywalker\Documents\Visual Studio 2010\Projects\MFC_DEMO\MFC_DEMO\Debug\rc.command.1.tlog
C:\Users\skywalker\Documents\Visual Studio 2010\Projects\MFC_DEMO\MFC_DEMO\Debug\rc.read.1.tlog
C:\Users\skywalker\Documents\Visual Studio 2010\Projects\MFC_DEMO\MFC_DEMO\Debug\rc.write.1.tlog
C:\USERS\SKYWALKER\DOCUMENTS\VISUAL STUDIO 2010\PROJECTS\MFC_DEMO\MFC_DEMO\DEBUG\STDAFX.OBJ
C:\Users\skywalker\Documents\Visual Studio 2010\Projects\MFC_DEMO\MFC_DEMO\Debug\vc100.idb
C:\USERS\SKYWALKER\DOCUMENTS\VISUAL STUDIO 2010\PROJECTS\MFC_DEMO\MFC_DEMO\DEBUG\VC100.PDB
